# JRE version: OpenJDK Runtime Environment (11.0.11+9) (build 11.0.11+9-b60-7590822)
# Java VM: OpenJDK 64-Bit Server VM (11.0.11+9-b60-7590822, mixed mode, tiered, compressed oops, g1 gc, windows-amd64)
Heap:
 garbage-first heap   total 262144K, used 167264K [0x0000000080000000, 0x0000000100000000)
  region size 1024K, 57 young (58368K), 2 survivors (2048K)
 Metaspace       used 103014K, capacity 105491K, committed 105660K, reserved 1140736K
  class space    used 12977K, capacity 13912K, committed 13976K, reserved 1048576K
GC Heap History (20 events):
Event: 12.206 GC heap before
{Heap before GC invocations=11 (full 0):
 garbage-first heap   total 262144K, used 164054K [0x0000000080000000, 0x0000000100000000)
  region size 1024K, 112 young (114688K), 9 survivors (9216K)
 Metaspace       used 75306K, capacity 76937K, committed 77040K, reserved 1116160K
  class space    used 9764K, capacity 10382K, committed 10444K, reserved 1048576K
}
Event: 12.217 GC heap after
{Heap after GC invocations=12 (full 0):
 garbage-first heap   total 262144K, used 66291K [0x0000000080000000, 0x0000000100000000)
  region size 1024K, 8 young (8192K), 8 survivors (8192K)
 Metaspace       used 75306K, capacity 76937K, committed 77040K, reserved 1116160K
  class space    used 9764K, capacity 10382K, committed 10444K, reserved 1048576K
}
Event: 14.135 GC heap before
{Heap before GC invocations=12 (full 0):
 garbage-first heap   total 262144K, used 173811K [0x0000000080000000, 0x0000000100000000)
  region size 1024K, 113 young (115712K), 8 survivors (8192K)
 Metaspace       used 84987K, capacity 87087K, committed 87280K, reserved 1124352K
  class space    used 11122K, capacity 11938K, committed 11980K, reserved 1048576K
}
Event: 14.148 GC heap after
{Heap after GC invocations=13 (full 0):
 garbage-first heap   total 262144K, used 72695K [0x0000000080000000, 0x0000000100000000)
  region size 1024K, 14 young (14336K), 14 survivors (14336K)
 Metaspace       used 84987K, capacity 87087K, committed 87280K, reserved 1124352K
  class space    used 11122K, capacity 11938K, committed 11980K, reserved 1048576K
}
Event: 15.781 GC heap before
{Heap before GC invocations=13 (full 0):
 garbage-first heap   total 262144K, used 184311K [0x0000000080000000, 0x0000000100000000)
  region size 1024K, 121 young (123904K), 14 survivors (14336K)
 Metaspace       used 86792K, capacity 88910K, committed 89200K, reserved 1126400K
  class space    used 11263K, capacity 12073K, committed 12108K, reserved 1048576K
}
Event: 15.806 GC heap after
{Heap after GC invocations=14 (full 0):
 garbage-first heap   total 262144K, used 93634K [0x0000000080000000, 0x0000000100000000)
  region size 1024K, 16 young (16384K), 16 survivors (16384K)
 Metaspace       used 86792K, capacity 88910K, committed 89200K, reserved 1126400K
  class space    used 11263K, capacity 12073K, committed 12108K, reserved 1048576K
}
Event: 16.608 GC heap before
{Heap before GC invocations=14 (full 0):
 garbage-first heap   total 262144K, used 195010K [0x0000000080000000, 0x0000000100000000)
  region size 1024K, 107 young (109568K), 16 survivors (16384K)
 Metaspace       used 88307K, capacity 90495K, committed 90736K, reserved 1128448K
  class space    used 11414K, capacity 12259K, committed 12364K, reserved 1048576K
}
Event: 16.624 GC heap after
{Heap after GC invocations=15 (full 0):
 garbage-first heap   total 262144K, used 100663K [0x0000000080000000, 0x0000000100000000)
  region size 1024K, 7 young (7168K), 7 survivors (7168K)
 Metaspace       used 88307K, capacity 90495K, committed 90736K, reserved 1128448K
  class space    used 11414K, capacity 12259K, committed 12364K, reserved 1048576K
}
Event: 17.332 GC heap before
{Heap before GC invocations=15 (full 0):
 garbage-first heap   total 262144K, used 208183K [0x0000000080000000, 0x0000000100000000)
  region size 1024K, 98 young (100352K), 7 survivors (7168K)
 Metaspace       used 92311K, capacity 94548K, committed 94832K, reserved 1132544K
  class space    used 11714K, capacity 12565K, committed 12620K, reserved 1048576K
}
Event: 17.347 GC heap after
{Heap after GC invocations=16 (full 0):
 garbage-first heap   total 262144K, used 106193K [0x0000000080000000, 0x0000000100000000)
  region size 1024K, 12 young (12288K), 12 survivors (12288K)
 Metaspace       used 92311K, capacity 94548K, committed 94832K, reserved 1132544K
  class space    used 11714K, capacity 12565K, committed 12620K, reserved 1048576K
}
Event: 17.935 GC heap before
{Heap before GC invocations=16 (full 0):
 garbage-first heap   total 262144K, used 200401K [0x0000000080000000, 0x0000000100000000)
  region size 1024K, 103 young (105472K), 12 survivors (12288K)
 Metaspace       used 93416K, capacity 95730K, committed 95984K, reserved 1132544K
  class space    used 11793K, capacity 12638K, committed 12748K, reserved 1048576K
}
Event: 17.942 GC heap after
{Heap after GC invocations=17 (full 0):
 garbage-first heap   total 262144K, used 104402K [0x0000000080000000, 0x0000000100000000)
  region size 1024K, 3 young (3072K), 3 survivors (3072K)
 Metaspace       used 93416K, capacity 95730K, committed 95984K, reserved 1132544K
  class space    used 11793K, capacity 12638K, committed 12748K, reserved 1048576K
}
Event: 18.498 GC heap before
{Heap before GC invocations=17 (full 0):
 garbage-first heap   total 262144K, used 200658K [0x0000000080000000, 0x0000000100000000)
  region size 1024K, 98 young (100352K), 3 survivors (3072K)
 Metaspace       used 93424K, capacity 95730K, committed 95984K, reserved 1132544K
  class space    used 11793K, capacity 12638K, committed 12748K, reserved 1048576K
}
Event: 18.503 GC heap after
{Heap after GC invocations=18 (full 0):
 garbage-first heap   total 262144K, used 105195K [0x0000000080000000, 0x0000000100000000)
  region size 1024K, 4 young (4096K), 4 survivors (4096K)
 Metaspace       used 93424K, capacity 95730K, committed 95984K, reserved 1132544K
  class space    used 11793K, capacity 12638K, committed 12748K, reserved 1048576K
}
Event: 19.818 GC heap before
{Heap before GC invocations=18 (full 0):
 garbage-first heap   total 262144K, used 194283K [0x0000000080000000, 0x0000000100000000)
  region size 1024K, 91 young (93184K), 4 survivors (4096K)
 Metaspace       used 98323K, capacity 100569K, committed 100668K, reserved 1136640K
  class space    used 12393K, capacity 13263K, committed 13336K, reserved 1048576K
}
Event: 19.825 GC heap after
{Heap after GC invocations=19 (full 0):
 garbage-first heap   total 262144K, used 102825K [0x0000000080000000, 0x0000000100000000)
  region size 1024K, 3 young (3072K), 3 survivors (3072K)
 Metaspace       used 98323K, capacity 100569K, committed 100668K, reserved 1136640K
  class space    used 12393K, capacity 13263K, committed 13336K, reserved 1048576K
}
Event: 21.114 GC heap before
{Heap before GC invocations=20 (full 0):
 garbage-first heap   total 262144K, used 207273K [0x0000000080000000, 0x0000000100000000)
  region size 1024K, 107 young (109568K), 3 survivors (3072K)
 Metaspace       used 100296K, capacity 102509K, committed 102972K, reserved 1138688K
  class space    used 12543K, capacity 13383K, committed 13592K, reserved 1048576K
}
Event: 21.122 GC heap after
{Heap after GC invocations=21 (full 0):
 garbage-first heap   total 262144K, used 115656K [0x0000000080000000, 0x0000000100000000)
  region size 1024K, 14 young (14336K), 14 survivors (14336K)
 Metaspace       used 100296K, capacity 102509K, committed 102972K, reserved 1138688K
  class space    used 12543K, capacity 13383K, committed 13592K, reserved 1048576K
}
Event: 21.123 GC heap before
{Heap before GC invocations=21 (full 0):
 garbage-first heap   total 262144K, used 115656K [0x0000000080000000, 0x0000000100000000)
  region size 1024K, 16 young (16384K), 14 survivors (14336K)
 Metaspace       used 100310K, capacity 102509K, committed 102972K, reserved 1138688K
  class space    used 12545K, capacity 13383K, committed 13592K, reserved 1048576K
}
Event: 21.129 GC heap after
{Heap after GC invocations=22 (full 0):
 garbage-first heap   total 262144K, used 110944K [0x0000000080000000, 0x0000000100000000)
  region size 1024K, 2 young (2048K), 2 survivors (2048K)
 Metaspace       used 100310K, capacity 102509K, committed 102972K, reserved 1138688K
  class space    used 12545K, capacity 13383K, committed 13592K, reserved 1048576K
}

