# JRE version: OpenJDK Runtime Environment (11.0.11+9) (build 11.0.11+9-b60-7590822)
# Java VM: OpenJDK 64-Bit Server VM (11.0.11+9-b60-7590822, mixed mode, tiered, compressed oops, g1 gc, windows-amd64)
Heap:
 garbage-first heap   total 315392K, used 79950K [0x0000000701e00000, 0x0000000800000000)
  region size 1024K, 60 young (61440K), 2 survivors (2048K)
 Metaspace       used 47022K, capacity 47558K, committed 47644K, reserved 1091584K
  class space    used 5593K, capacity 5816K, committed 5836K, reserved 1048576K
GC Heap History (10 events):
Event: 0.521 GC heap before
{Heap before GC invocations=0 (full 0):
 garbage-first heap   total 262144K, used 27648K [0x0000000701e00000, 0x0000000800000000)
  region size 1024K, 24 young (24576K), 0 survivors (0K)
 Metaspace       used 12285K, capacity 12408K, committed 12544K, reserved 1060864K
  class space    used 1155K, capacity 1175K, committed 1280K, reserved 1048576K
}
Event: 0.524 GC heap after
{Heap after GC invocations=1 (full 0):
 garbage-first heap   total 262144K, used 6048K [0x0000000701e00000, 0x0000000800000000)
  region size 1024K, 3 young (3072K), 3 survivors (3072K)
 Metaspace       used 12285K, capacity 12408K, committed 12544K, reserved 1060864K
  class space    used 1155K, capacity 1175K, committed 1280K, reserved 1048576K
}
Event: 1.079 GC heap before
{Heap before GC invocations=1 (full 0):
 garbage-first heap   total 262144K, used 41888K [0x0000000701e00000, 0x0000000800000000)
  region size 1024K, 39 young (39936K), 3 survivors (3072K)
 Metaspace       used 20908K, capacity 21118K, committed 21296K, reserved 1069056K
  class space    used 2233K, capacity 2344K, committed 2432K, reserved 1048576K
}
Event: 1.093 GC heap after
{Heap after GC invocations=2 (full 0):
 garbage-first heap   total 262144K, used 9539K [0x0000000701e00000, 0x0000000800000000)
  region size 1024K, 7 young (7168K), 7 survivors (7168K)
 Metaspace       used 20908K, capacity 21118K, committed 21296K, reserved 1069056K
  class space    used 2233K, capacity 2344K, committed 2432K, reserved 1048576K
}
Event: 1.923 GC heap before
{Heap before GC invocations=3 (full 0):
 garbage-first heap   total 262144K, used 65859K [0x0000000701e00000, 0x0000000800000000)
  region size 1024K, 57 young (58368K), 7 survivors (7168K)
 Metaspace       used 33276K, capacity 33752K, committed 34096K, reserved 1079296K
  class space    used 4182K, capacity 4374K, committed 4480K, reserved 1048576K
}
Event: 1.933 GC heap after
{Heap after GC invocations=4 (full 0):
 garbage-first heap   total 262144K, used 20236K [0x0000000701e00000, 0x0000000800000000)
  region size 1024K, 8 young (8192K), 8 survivors (8192K)
 Metaspace       used 33276K, capacity 33752K, committed 34096K, reserved 1079296K
  class space    used 4182K, capacity 4374K, committed 4480K, reserved 1048576K
}
Event: 2.001 GC heap before
{Heap before GC invocations=4 (full 0):
 garbage-first heap   total 262144K, used 25356K [0x0000000701e00000, 0x0000000800000000)
  region size 1024K, 13 young (13312K), 8 survivors (8192K)
 Metaspace       used 34342K, capacity 34808K, committed 34864K, reserved 1079296K
  class space    used 4293K, capacity 4470K, committed 4480K, reserved 1048576K
}
Event: 2.007 GC heap after
{Heap after GC invocations=5 (full 0):
 garbage-first heap   total 262144K, used 21584K [0x0000000701e00000, 0x0000000800000000)
  region size 1024K, 2 young (2048K), 2 survivors (2048K)
 Metaspace       used 34342K, capacity 34808K, committed 34864K, reserved 1079296K
  class space    used 4293K, capacity 4470K, committed 4480K, reserved 1048576K
}
Event: 2.075 GC heap before
{Heap before GC invocations=5 (full 0):
 garbage-first heap   total 262144K, used 26704K [0x0000000701e00000, 0x0000000800000000)
  region size 1024K, 8 young (8192K), 2 survivors (2048K)
 Metaspace       used 35442K, capacity 35843K, committed 35920K, reserved 1081344K
  class space    used 4419K, capacity 4602K, committed 4608K, reserved 1048576K
}
Event: 2.078 GC heap after
{Heap after GC invocations=6 (full 0):
 garbage-first heap   total 315392K, used 21582K [0x0000000701e00000, 0x0000000800000000)
  region size 1024K, 2 young (2048K), 2 survivors (2048K)
 Metaspace       used 35442K, capacity 35843K, committed 35920K, reserved 1081344K
  class space    used 4419K, capacity 4602K, committed 4608K, reserved 1048576K
}

